This file contains any messages produced by compilers while
running configure, to aid debugging if configure makes a mistake.

It was created by libballistics configure 1.1.0, which was
generated by GNU Autoconf 2.69.  Invocation command line was

  $ ./configure --prefix=/Users/stoth/GIT/libballistics/root

## --------- ##
## Platform. ##
## --------- ##

hostname = alice
uname -m = x86_64
uname -r = 16.6.0
uname -s = Darwin
uname -v = Darwin Kernel Version 16.6.0: Fri Apr 14 16:21:16 PDT 2017; root:xnu-3789.60.24~6/RELEASE_X86_64

/usr/bin/uname -p = i386
/bin/uname -X     = unknown

/bin/arch              = unknown
/usr/bin/arch -k       = unknown
/usr/convex/getsysinfo = unknown
/usr/bin/hostinfo      = Mach kernel version:
	 Darwin Kernel Version 16.6.0: Fri Apr 14 16:21:16 PDT 2017; root:xnu-3789.60.24~6/RELEASE_X86_64
Kernel configured for up to 4 processors.
4 processors are physically available.
4 processors are logically available.
Processor type: x86_64h (Intel x86-64h Haswell)
Processors active: 0 1 2 3
Primary memory available: 32.00 gigabytes
Default processor set: 388 tasks, 1890 threads, 4 processors
Load average: 1.86, Mach factor: 2.12
/bin/machine           = unknown
/usr/bin/oslevel       = unknown
/bin/universe          = unknown

PATH: /usr/local/bin
PATH: /usr/bin
PATH: /bin
PATH: /usr/sbin
PATH: /sbin
PATH: /opt/X11/bin


## ----------- ##
## Core tests. ##
## ----------- ##

configure:2268: checking for a BSD-compatible install
configure:2336: result: /usr/bin/install -c
configure:2347: checking whether build environment is sane
configure:2402: result: yes
configure:2553: checking for a thread-safe mkdir -p
configure:2592: result: ./install-sh -c -d
configure:2599: checking for gawk
configure:2629: result: no
configure:2599: checking for mawk
configure:2629: result: no
configure:2599: checking for nawk
configure:2629: result: no
configure:2599: checking for awk
configure:2615: found /usr/bin/awk
configure:2626: result: awk
configure:2637: checking whether make sets $(MAKE)
configure:2659: result: yes
configure:2688: checking whether make supports nested variables
configure:2705: result: yes
configure:2836: checking build system type
configure:2850: result: i686-apple-darwin16.6.0
configure:2870: checking host system type
configure:2883: result: i686-apple-darwin16.6.0
configure:2960: checking for gcc
configure:2976: found /usr/bin/gcc
configure:2987: result: gcc
configure:3216: checking for C compiler version
configure:3225: gcc --version >&5
Apple LLVM version 8.0.0 (clang-800.0.38)
Target: x86_64-apple-darwin16.6.0
Thread model: posix
InstalledDir: /Applications/Xcode.app/Contents/Developer/Toolchains/XcodeDefault.xctoolchain/usr/bin
Configured with: --prefix=/Applications/Xcode.app/Contents/Developer/usr --with-gxx-include-dir=/usr/include/c++/4.2.1
configure:3236: $? = 0
configure:3225: gcc -v >&5
Configured with: --prefix=/Applications/Xcode.app/Contents/Developer/usr --with-gxx-include-dir=/usr/include/c++/4.2.1
Apple LLVM version 8.0.0 (clang-800.0.38)
Target: x86_64-apple-darwin16.6.0
Thread model: posix
InstalledDir: /Applications/Xcode.app/Contents/Developer/Toolchains/XcodeDefault.xctoolchain/usr/bin
configure:3236: $? = 0
configure:3225: gcc -V >&5
clang: error: argument to '-V' is missing (expected 1 value)
clang: error: no input files
configure:3236: $? = 1
configure:3225: gcc -qversion >&5
clang: error: unknown argument: '-qversion'
clang: error: no input files
configure:3236: $? = 1
configure:3256: checking whether the C compiler works
configure:3278: gcc    conftest.c  >&5
configure:3282: $? = 0
configure:3330: result: yes
configure:3333: checking for C compiler default output file name
configure:3335: result: a.out
configure:3341: checking for suffix of executables
configure:3348: gcc -o conftest    conftest.c  >&5
configure:3352: $? = 0
configure:3374: result: 
configure:3396: checking whether we are cross compiling
configure:3404: gcc -o conftest    conftest.c  >&5
configure:3408: $? = 0
configure:3415: ./conftest
configure:3419: $? = 0
configure:3434: result: no
configure:3439: checking for suffix of object files
configure:3461: gcc -c   conftest.c >&5
configure:3465: $? = 0
configure:3486: result: o
configure:3490: checking whether we are using the GNU C compiler
configure:3509: gcc -c   conftest.c >&5
configure:3509: $? = 0
configure:3518: result: yes
configure:3527: checking whether gcc accepts -g
configure:3547: gcc -c -g  conftest.c >&5
configure:3547: $? = 0
configure:3588: result: yes
configure:3605: checking for gcc option to accept ISO C89
configure:3668: gcc  -c -g -O2  conftest.c >&5
configure:3668: $? = 0
configure:3681: result: none needed
configure:3706: checking whether gcc understands -c and -o together
configure:3728: gcc -c conftest.c -o conftest2.o
configure:3731: $? = 0
configure:3728: gcc -c conftest.c -o conftest2.o
configure:3731: $? = 0
configure:3743: result: yes
configure:3771: checking for style of include used by make
configure:3799: result: GNU
configure:3825: checking dependency style of gcc
configure:3936: result: gcc3
configure:3998: checking how to print strings
configure:4025: result: printf
configure:4046: checking for a sed that does not truncate output
configure:4110: result: /usr/bin/sed
configure:4128: checking for grep that handles long lines and -e
configure:4186: result: /usr/bin/grep
configure:4191: checking for egrep
configure:4253: result: /usr/bin/grep -E
configure:4258: checking for fgrep
configure:4320: result: /usr/bin/grep -F
configure:4355: checking for ld used by gcc
configure:4422: result: /Applications/Xcode.app/Contents/Developer/Toolchains/XcodeDefault.xctoolchain/usr/bin/ld
configure:4429: checking if the linker (/Applications/Xcode.app/Contents/Developer/Toolchains/XcodeDefault.xctoolchain/usr/bin/ld) is GNU ld
configure:4444: result: no
configure:4456: checking for BSD- or MS-compatible name lister (nm)
configure:4510: result: /usr/bin/nm -B
configure:4640: checking the name lister (/usr/bin/nm -B) interface
configure:4647: gcc -c -g -O2  conftest.c >&5
configure:4650: /usr/bin/nm -B "conftest.o"
configure:4653: output
00000000000001f0 S _some_variable
configure:4660: result: BSD nm
configure:4663: checking whether ln -s works
configure:4667: result: yes
configure:4675: checking the maximum length of command line arguments
configure:4806: result: 196608
configure:4854: checking how to convert i686-apple-darwin16.6.0 file names to i686-apple-darwin16.6.0 format
configure:4894: result: func_convert_file_noop
configure:4901: checking how to convert i686-apple-darwin16.6.0 file names to toolchain format
configure:4921: result: func_convert_file_noop
configure:4928: checking for /Applications/Xcode.app/Contents/Developer/Toolchains/XcodeDefault.xctoolchain/usr/bin/ld option to reload object files
configure:4935: result: -r
configure:5009: checking for objdump
configure:5025: found /usr/bin/objdump
configure:5036: result: objdump
configure:5068: checking how to recognize dependent libraries
configure:5268: result: pass_all
configure:5353: checking for dlltool
configure:5383: result: no
configure:5413: checking how to associate runtime and link libraries
configure:5440: result: printf %s\n
configure:5501: checking for ar
configure:5517: found /usr/bin/ar
configure:5528: result: ar
configure:5565: checking for archiver @FILE support
configure:5582: gcc -c -g -O2  conftest.c >&5
configure:5582: $? = 0
configure:5585: ar cru libconftest.a @conftest.lst >&5
ar: @conftest.lst: No such file or directory
configure:5588: $? = 1
configure:5608: result: no
configure:5666: checking for strip
configure:5682: found /usr/bin/strip
configure:5693: result: strip
configure:5765: checking for ranlib
configure:5781: found /usr/bin/ranlib
configure:5792: result: ranlib
configure:5894: checking command to parse /usr/bin/nm -B output from gcc object
configure:6047: gcc -c -g -O2  conftest.c >&5
configure:6050: $? = 0
configure:6054: /usr/bin/nm -B conftest.o \| sed -n -e 's/^.*[ ]\([BCDEGRST][BCDEGRST]*\)[ ][ ]*\([_A-Za-z][_A-Za-z0-9]*\)$/\1 \2 \2/p' | sed '/ __gnu_lto/d' \> conftest.nm
configure:6057: $? = 0
cannot find nm_test_var in conftest.nm
configure:6047: gcc -c -g -O2  conftest.c >&5
configure:6050: $? = 0
configure:6054: /usr/bin/nm -B conftest.o \| sed -n -e 's/^.*[ ]\([BCDEGRST][BCDEGRST]*\)[ ][ ]*_\([_A-Za-z][_A-Za-z0-9]*\)$/\1 _\2 \2/p' | sed '/ __gnu_lto/d' \> conftest.nm
configure:6057: $? = 0
configure:6123: gcc -o conftest -g -O2   conftest.c conftstm.o >&5
warning: (x86_64)  could not find object file symbol for symbol _main
configure:6126: $? = 0
configure:6164: result: ok
configure:6211: checking for sysroot
configure:6241: result: no
configure:6248: checking for a working dd
configure:6286: result: /bin/dd
configure:6290: checking how to truncate binary pipes
configure:6305: result: /bin/dd bs=4096 count=1
configure:6634: checking for mt
configure:6664: result: no
configure:6684: checking if : is a manifest tool
configure:6690: : '-?'
configure:6698: result: no
configure:6754: checking for dsymutil
configure:6770: found /usr/bin/dsymutil
configure:6781: result: dsymutil
configure:6846: checking for nmedit
configure:6862: found /usr/bin/nmedit
configure:6873: result: nmedit
configure:6938: checking for lipo
configure:6954: found /usr/bin/lipo
configure:6965: result: lipo
configure:7030: checking for otool
configure:7046: found /usr/bin/otool
configure:7057: result: otool
configure:7122: checking for otool64
configure:7152: result: no
configure:7197: checking for -single_module linker flag
gcc -g -O2  -o libconftest.dylib -dynamiclib -Wl,-single_module conftest.c
configure:7230: result: yes
configure:7233: checking for -exported_symbols_list linker flag
configure:7253: gcc -o conftest -g -O2   -Wl,-exported_symbols_list,conftest.sym conftest.c  >&5
configure:7253: $? = 0
configure:7263: result: yes
configure:7266: checking for -force_load linker flag
gcc -g -O2 -c -o conftest.o conftest.c
ar cru libconftest.a conftest.o
ranlib libconftest.a
gcc -g -O2  -o conftest conftest.c -Wl,-force_load,./libconftest.a
configure:7298: result: yes
configure:7375: checking how to run the C preprocessor
configure:7406: gcc -E  conftest.c
configure:7406: $? = 0
configure:7420: gcc -E  conftest.c
conftest.c:11:10: fatal error: 'ac_nonexistent.h' file not found
#include <ac_nonexistent.h>
         ^
1 error generated.
configure:7420: $? = 1
configure: failed program was:
| /* confdefs.h */
| #define PACKAGE_NAME "libballistics"
| #define PACKAGE_TARNAME "libballistics"
| #define PACKAGE_VERSION "1.1.0"
| #define PACKAGE_STRING "libballistics 1.1.0"
| #define PACKAGE_BUGREPORT "jonathan@zdziarski.com"
| #define PACKAGE_URL ""
| #define PACKAGE "libballistics"
| #define VERSION "1.1.0"
| /* end confdefs.h.  */
| #include <ac_nonexistent.h>
configure:7445: result: gcc -E
configure:7465: gcc -E  conftest.c
configure:7465: $? = 0
configure:7479: gcc -E  conftest.c
conftest.c:11:10: fatal error: 'ac_nonexistent.h' file not found
#include <ac_nonexistent.h>
         ^
1 error generated.
configure:7479: $? = 1
configure: failed program was:
| /* confdefs.h */
| #define PACKAGE_NAME "libballistics"
| #define PACKAGE_TARNAME "libballistics"
| #define PACKAGE_VERSION "1.1.0"
| #define PACKAGE_STRING "libballistics 1.1.0"
| #define PACKAGE_BUGREPORT "jonathan@zdziarski.com"
| #define PACKAGE_URL ""
| #define PACKAGE "libballistics"
| #define VERSION "1.1.0"
| /* end confdefs.h.  */
| #include <ac_nonexistent.h>
configure:7508: checking for ANSI C header files
configure:7528: gcc -c -g -O2  conftest.c >&5
configure:7528: $? = 0
configure:7601: gcc -o conftest -g -O2   conftest.c  >&5
configure:7601: $? = 0
configure:7601: ./conftest
configure:7601: $? = 0
configure:7612: result: yes
configure:7625: checking for sys/types.h
configure:7625: gcc -c -g -O2  conftest.c >&5
configure:7625: $? = 0
configure:7625: result: yes
configure:7625: checking for sys/stat.h
configure:7625: gcc -c -g -O2  conftest.c >&5
configure:7625: $? = 0
configure:7625: result: yes
configure:7625: checking for stdlib.h
configure:7625: gcc -c -g -O2  conftest.c >&5
configure:7625: $? = 0
configure:7625: result: yes
configure:7625: checking for string.h
configure:7625: gcc -c -g -O2  conftest.c >&5
configure:7625: $? = 0
configure:7625: result: yes
configure:7625: checking for memory.h
configure:7625: gcc -c -g -O2  conftest.c >&5
configure:7625: $? = 0
configure:7625: result: yes
configure:7625: checking for strings.h
configure:7625: gcc -c -g -O2  conftest.c >&5
configure:7625: $? = 0
configure:7625: result: yes
configure:7625: checking for inttypes.h
configure:7625: gcc -c -g -O2  conftest.c >&5
configure:7625: $? = 0
configure:7625: result: yes
configure:7625: checking for stdint.h
configure:7625: gcc -c -g -O2  conftest.c >&5
configure:7625: $? = 0
configure:7625: result: yes
configure:7625: checking for unistd.h
configure:7625: gcc -c -g -O2  conftest.c >&5
configure:7625: $? = 0
configure:7625: result: yes
configure:7639: checking for dlfcn.h
configure:7639: gcc -c -g -O2  conftest.c >&5
configure:7639: $? = 0
configure:7639: result: yes
configure:7895: checking for objdir
configure:7910: result: .libs
configure:8170: checking if gcc supports -fno-rtti -fno-exceptions
configure:8188: gcc -c -g -O2  -fno-rtti -fno-exceptions conftest.c >&5
configure:8192: $? = 0
configure:8205: result: yes
configure:8563: checking for gcc option to produce PIC
configure:8570: result: -fno-common -DPIC
configure:8578: checking if gcc PIC flag -fno-common -DPIC works
configure:8596: gcc -c -g -O2  -fno-common -DPIC -DPIC conftest.c >&5
configure:8600: $? = 0
configure:8613: result: yes
configure:8642: checking if gcc static flag -static works
configure:8670: result: no
configure:8685: checking if gcc supports -c -o file.o
configure:8706: gcc -c -g -O2  -o out/conftest2.o conftest.c >&5
configure:8710: $? = 0
configure:8732: result: yes
configure:8740: checking if gcc supports -c -o file.o
configure:8787: result: yes
configure:8820: checking whether the gcc linker (/Applications/Xcode.app/Contents/Developer/Toolchains/XcodeDefault.xctoolchain/usr/bin/ld) supports shared libraries
configure:10079: result: yes
configure:10319: checking dynamic linker characteristics
configure:11137: result: darwin16.6.0 dyld
configure:11259: checking how to hardcode library paths into programs
configure:11284: result: immediate
configure:11832: checking whether stripping libraries is possible
configure:11846: result: yes
configure:11872: checking if libtool supports shared libraries
configure:11874: result: yes
configure:11877: checking whether to build shared libraries
configure:11902: result: yes
configure:11905: checking whether to build static libraries
configure:11909: result: yes
configure:11946: checking whether make sets $(MAKE)
configure:11968: result: yes
configure:11978: checking for inline
configure:11994: gcc -c -g -O2  conftest.c >&5
configure:11994: $? = 0
configure:12002: result: inline
configure:12028: checking for ISO C99 varargs macros in C
configure:12045: gcc -c -g -O2  conftest.c >&5
configure:12045: $? = 0
configure:12048: result: yes
configure:12068: checking for string.h
configure:12068: result: yes
configure:12080: checking math.h usability
configure:12080: gcc -c -g -O2  conftest.c >&5
configure:12080: $? = 0
configure:12080: result: yes
configure:12080: checking math.h presence
configure:12080: gcc -E  conftest.c
configure:12080: $? = 0
configure:12080: result: yes
configure:12080: checking for math.h
configure:12080: result: yes
configure:12092: checking sys/time.h usability
configure:12092: gcc -c -g -O2  conftest.c >&5
configure:12092: $? = 0
configure:12092: result: yes
configure:12092: checking sys/time.h presence
configure:12092: gcc -E  conftest.c
configure:12092: $? = 0
configure:12092: result: yes
configure:12092: checking for sys/time.h
configure:12092: result: yes
configure:12102: checking whether time.h and sys/time.h may both be included
configure:12122: gcc -c -g -O2  conftest.c >&5
configure:12122: $? = 0
configure:12129: result: yes
configure:12148: checking whether to enable debug output
configure:12170: result: no
configure:12292: checking that generated files are newer than configure
configure:12298: result: done
configure:12321: creating ./config.status

## ---------------------- ##
## Running config.status. ##
## ---------------------- ##

This file was extended by libballistics config.status 1.1.0, which was
generated by GNU Autoconf 2.69.  Invocation command line was

  CONFIG_FILES    = 
  CONFIG_HEADERS  = 
  CONFIG_LINKS    = 
  CONFIG_COMMANDS = 
  $ ./config.status 

on alice

config.status:1087: creating Makefile
config.status:1087: creating src/Makefile
config.status:1087: creating src/auto-config.h
config.status:1316: executing depfiles commands
config.status:1316: executing libtool commands

## ---------------- ##
## Cache variables. ##
## ---------------- ##

ac_cv_build=i686-apple-darwin16.6.0
ac_cv_c_compiler_gnu=yes
ac_cv_c_inline=inline
ac_cv_env_CC_set=
ac_cv_env_CC_value=
ac_cv_env_CFLAGS_set=
ac_cv_env_CFLAGS_value=
ac_cv_env_CPPFLAGS_set=
ac_cv_env_CPPFLAGS_value=
ac_cv_env_CPP_set=
ac_cv_env_CPP_value=
ac_cv_env_LDFLAGS_set=
ac_cv_env_LDFLAGS_value=
ac_cv_env_LIBS_set=
ac_cv_env_LIBS_value=
ac_cv_env_LT_SYS_LIBRARY_PATH_set=
ac_cv_env_LT_SYS_LIBRARY_PATH_value=
ac_cv_env_build_alias_set=
ac_cv_env_build_alias_value=
ac_cv_env_host_alias_set=
ac_cv_env_host_alias_value=
ac_cv_env_target_alias_set=
ac_cv_env_target_alias_value=
ac_cv_header_dlfcn_h=yes
ac_cv_header_inttypes_h=yes
ac_cv_header_math_h=yes
ac_cv_header_memory_h=yes
ac_cv_header_stdc=yes
ac_cv_header_stdint_h=yes
ac_cv_header_stdlib_h=yes
ac_cv_header_string_h=yes
ac_cv_header_strings_h=yes
ac_cv_header_sys_stat_h=yes
ac_cv_header_sys_time_h=yes
ac_cv_header_sys_types_h=yes
ac_cv_header_time=yes
ac_cv_header_unistd_h=yes
ac_cv_host=i686-apple-darwin16.6.0
ac_cv_objext=o
ac_cv_path_EGREP='/usr/bin/grep -E'
ac_cv_path_FGREP='/usr/bin/grep -F'
ac_cv_path_GREP=/usr/bin/grep
ac_cv_path_SED=/usr/bin/sed
ac_cv_path_install='/usr/bin/install -c'
ac_cv_path_lt_DD=/bin/dd
ac_cv_prog_AWK=awk
ac_cv_prog_CPP='gcc -E'
ac_cv_prog_ac_ct_AR=ar
ac_cv_prog_ac_ct_CC=gcc
ac_cv_prog_ac_ct_DSYMUTIL=dsymutil
ac_cv_prog_ac_ct_LIPO=lipo
ac_cv_prog_ac_ct_NMEDIT=nmedit
ac_cv_prog_ac_ct_OBJDUMP=objdump
ac_cv_prog_ac_ct_OTOOL=otool
ac_cv_prog_ac_ct_RANLIB=ranlib
ac_cv_prog_ac_ct_STRIP=strip
ac_cv_prog_cc_c89=
ac_cv_prog_cc_g=yes
ac_cv_prog_make_make_set=yes
am_cv_CC_dependencies_compiler_type=gcc3
am_cv_make_support_nested_variables=yes
am_cv_prog_cc_c_o=yes
lt_cv_apple_cc_single_mod=yes
lt_cv_ar_at_file=no
lt_cv_deplibs_check_method=pass_all
lt_cv_file_magic_cmd='$MAGIC_CMD'
lt_cv_file_magic_test_file=
lt_cv_ld_exported_symbols_list=yes
lt_cv_ld_force_load=yes
lt_cv_ld_reload_flag=-r
lt_cv_nm_interface='BSD nm'
lt_cv_objdir=.libs
lt_cv_path_LD=/Applications/Xcode.app/Contents/Developer/Toolchains/XcodeDefault.xctoolchain/usr/bin/ld
lt_cv_path_NM='/usr/bin/nm -B'
lt_cv_path_mainfest_tool=no
lt_cv_prog_compiler_c_o=yes
lt_cv_prog_compiler_pic='-fno-common -DPIC'
lt_cv_prog_compiler_pic_works=yes
lt_cv_prog_compiler_rtti_exceptions=yes
lt_cv_prog_compiler_static_works=no
lt_cv_prog_gnu_ld=no
lt_cv_sharedlib_from_linklib_cmd='printf %s\n'
lt_cv_sys_global_symbol_pipe='sed -n -e '\''s/^.*[	 ]\([BCDEGRST][BCDEGRST]*\)[	 ][	 ]*_\([_A-Za-z][_A-Za-z0-9]*\)$/\1 _\2 \2/p'\'' | sed '\''/ __gnu_lto/d'\'''
lt_cv_sys_global_symbol_to_c_name_address='sed -n -e '\''s/^: \(.*\) .*$/  {"\1", (void *) 0},/p'\'' -e '\''s/^[BCDEGRST][BCDEGRST]* .* \(.*\)$/  {"\1", (void *) \&\1},/p'\'''
lt_cv_sys_global_symbol_to_c_name_address_lib_prefix='sed -n -e '\''s/^: \(.*\) .*$/  {"\1", (void *) 0},/p'\'' -e '\''s/^[BCDEGRST][BCDEGRST]* .* \(lib.*\)$/  {"\1", (void *) \&\1},/p'\'' -e '\''s/^[BCDEGRST][BCDEGRST]* .* \(.*\)$/  {"lib\1", (void *) \&\1},/p'\'''
lt_cv_sys_global_symbol_to_cdecl='sed -n -e '\''s/^T .* \(.*\)$/extern int \1();/p'\'' -e '\''s/^[BCDEGRST][BCDEGRST]* .* \(.*\)$/extern char \1;/p'\'''
lt_cv_sys_global_symbol_to_import=
lt_cv_sys_max_cmd_len=196608
lt_cv_to_host_file_cmd=func_convert_file_noop
lt_cv_to_tool_file_cmd=func_convert_file_noop
lt_cv_truncate_bin='/bin/dd bs=4096 count=1'

## ----------------- ##
## Output variables. ##
## ----------------- ##

ACLOCAL='${SHELL} /Users/stoth/GIT/libballistics/missing aclocal-1.15'
AMDEPBACKSLASH='\'
AMDEP_FALSE='#'
AMDEP_TRUE=''
AMTAR='$${TAR-tar}'
AM_BACKSLASH='\'
AM_DEFAULT_V='$(AM_DEFAULT_VERBOSITY)'
AM_DEFAULT_VERBOSITY='1'
AM_V='$(V)'
AR='ar'
AUTOCONF='${SHELL} /Users/stoth/GIT/libballistics/missing autoconf'
AUTOHEADER='${SHELL} /Users/stoth/GIT/libballistics/missing autoheader'
AUTOMAKE='${SHELL} /Users/stoth/GIT/libballistics/missing automake-1.15'
AWK='awk'
CC='gcc'
CCDEPMODE='depmode=gcc3'
CFLAGS='-g -O2'
CPP='gcc -E'
CPPFLAGS=''
CYGPATH_W='echo'
DEFS='-DHAVE_CONFIG_H'
DEPDIR='.deps'
DLLTOOL='false'
DSYMUTIL='dsymutil'
DUMPBIN=''
ECHO_C='\c'
ECHO_N=''
ECHO_T=''
EGREP='/usr/bin/grep -E'
EXEEXT=''
FGREP='/usr/bin/grep -F'
GREP='/usr/bin/grep'
INSTALL_DATA='${INSTALL} -m 644'
INSTALL_PROGRAM='${INSTALL}'
INSTALL_SCRIPT='${INSTALL}'
INSTALL_STRIP_PROGRAM='$(install_sh) -c -s'
LD='/Applications/Xcode.app/Contents/Developer/Toolchains/XcodeDefault.xctoolchain/usr/bin/ld'
LDFLAGS=''
LIBOBJS=''
LIBS='-lm'
LIBTOOL='$(SHELL) $(top_builddir)/libtool'
LIPO='lipo'
LN_S='ln -s'
LTLIBOBJS=''
LT_SYS_LIBRARY_PATH=''
MAKEINFO='${SHELL} /Users/stoth/GIT/libballistics/missing makeinfo'
MANIFEST_TOOL=':'
MKDIR_P='./install-sh -c -d'
NM='/usr/bin/nm -B'
NMEDIT='nmedit'
OBJDUMP='objdump'
OBJEXT='o'
OTOOL64=':'
OTOOL='otool'
PACKAGE='libballistics'
PACKAGE_BUGREPORT='jonathan@zdziarski.com'
PACKAGE_NAME='libballistics'
PACKAGE_STRING='libballistics 1.1.0'
PACKAGE_TARNAME='libballistics'
PACKAGE_URL=''
PACKAGE_VERSION='1.1.0'
PATH_SEPARATOR=':'
RANLIB='ranlib'
SED='/usr/bin/sed'
SET_MAKE=''
SHELL='/bin/sh'
STRIP='strip'
VERSION='1.1.0'
ac_ct_AR='ar'
ac_ct_CC='gcc'
ac_ct_DUMPBIN=''
am__EXEEXT_FALSE=''
am__EXEEXT_TRUE='#'
am__fastdepCC_FALSE='#'
am__fastdepCC_TRUE=''
am__include='include'
am__isrc=''
am__leading_dot='.'
am__nodep='_no'
am__quote=''
am__tar='$${TAR-tar} chof - "$$tardir"'
am__untar='$${TAR-tar} xf -'
bindir='${exec_prefix}/bin'
build='i686-apple-darwin16.6.0'
build_alias=''
build_cpu='i686'
build_os='darwin16.6.0'
build_vendor='apple'
datadir='${datarootdir}'
datarootdir='${prefix}/share'
docdir='${datarootdir}/doc/${PACKAGE_TARNAME}'
dvidir='${docdir}'
exec_prefix='${prefix}'
host='i686-apple-darwin16.6.0'
host_alias=''
host_cpu='i686'
host_os='darwin16.6.0'
host_vendor='apple'
htmldir='${docdir}'
includedir='${prefix}/include'
infodir='${datarootdir}/info'
install_sh='${SHELL} /Users/stoth/GIT/libballistics/install-sh'
libdir='${exec_prefix}/lib'
libexecdir='${exec_prefix}/libexec'
localedir='${datarootdir}/locale'
localstatedir='${prefix}/var'
mandir='${datarootdir}/man'
mkdir_p='$(MKDIR_P)'
oldincludedir='/usr/include'
pdfdir='${docdir}'
prefix='/Users/stoth/GIT/libballistics/root'
program_transform_name='s,x,x,'
psdir='${docdir}'
sbindir='${exec_prefix}/sbin'
sharedstatedir='${prefix}/com'
sysconfdir='${prefix}/etc'
target_alias=''

## ----------- ##
## confdefs.h. ##
## ----------- ##

/* confdefs.h */
#define PACKAGE_NAME "libballistics"
#define PACKAGE_TARNAME "libballistics"
#define PACKAGE_VERSION "1.1.0"
#define PACKAGE_STRING "libballistics 1.1.0"
#define PACKAGE_BUGREPORT "jonathan@zdziarski.com"
#define PACKAGE_URL ""
#define PACKAGE "libballistics"
#define VERSION "1.1.0"
#define STDC_HEADERS 1
#define HAVE_SYS_TYPES_H 1
#define HAVE_SYS_STAT_H 1
#define HAVE_STDLIB_H 1
#define HAVE_STRING_H 1
#define HAVE_MEMORY_H 1
#define HAVE_STRINGS_H 1
#define HAVE_INTTYPES_H 1
#define HAVE_STDINT_H 1
#define HAVE_UNISTD_H 1
#define HAVE_DLFCN_H 1
#define LT_OBJDIR ".libs/"
#define CONFIGURE_ARGS "--prefix=/Users/stoth/GIT/libballistics/root"
#define HAVE_ISO_VARARGS 1
#define HAVE_STRING_H 1
#define HAVE_MATH_H 1
#define HAVE_SYS_TIME_H 1
#define TIME_WITH_SYS_TIME 1

configure: exit 0
